     1 00000000                                 [FORMAT "WCOFF"]
     2 00000000                                 [INSTRSET "i486p"]
     3 00000000                                 [OPTIMIZE 1]
     4 00000000                                 [OPTION 1]
     5 00000000                                 [BITS 32]
     6 00000000                                 	EXTERN	_io_out8
     7 00000000                                 	EXTERN	_io_load_eflags
     8 00000000                                 	EXTERN	_io_cli
     9 00000000                                 	EXTERN	_io_store_eflags
    10 00000000                                 	EXTERN	_fifo32_put
    11 00000000                                 [FILE "timer.c"]
    12                                          [SECTION .text]
    13 00000000                                 	GLOBAL	_init_pit
    14 00000000                                 _init_pit:
    15 00000000 55                              	PUSH	EBP
    16 00000001 89 E5                           	MOV	EBP,ESP
    17 00000003 6A 34                           	PUSH	52
    18 00000005 6A 43                           	PUSH	67
    19 00000007 E8 [00000000]                   	CALL	_io_out8
    20 0000000C 68 0000009C                     	PUSH	156
    21 00000011 6A 40                           	PUSH	64
    22 00000013 E8 [00000000]                   	CALL	_io_out8
    23 00000018 6A 2E                           	PUSH	46
    24 0000001A 6A 40                           	PUSH	64
    25 0000001C E8 [00000000]                   	CALL	_io_out8
    26 00000021 BA [00002710]                   	MOV	EDX,_timerctl+10000
    27 00000026 C7 05 [00000000] 00000000       	MOV	DWORD [_timerctl],0
    28 00000030 83 C4 18                        	ADD	ESP,24
    29 00000033 B8 [00000014]                   	MOV	EAX,_timerctl+20
    30 00000038                                 L6:
    31 00000038 C7 00 00000000                  	MOV	DWORD [EAX],0
    32 0000003E 83 C0 14                        	ADD	EAX,20
    33 00000041 39 D0                           	CMP	EAX,EDX
    34 00000043 7E F3                           	JLE	L6
    35 00000045 E8 00000025                     	CALL	_timer_alloc
    36 0000004A C7 40 04 FFFFFFFF               	MOV	DWORD [4+EAX],-1
    37 00000051 C7 40 08 00000002               	MOV	DWORD [8+EAX],2
    38 00000058 C7 00 00000000                  	MOV	DWORD [EAX],0
    39 0000005E A3 [00000008]                   	MOV	DWORD [_timerctl+8],EAX
    40 00000063 C7 05 [00000004] FFFFFFFF       	MOV	DWORD [_timerctl+4],-1
    41 0000006D C9                              	LEAVE
    42 0000006E C3                              	RET
    43 0000006F                                 	GLOBAL	_timer_alloc
    44 0000006F                                 _timer_alloc:
    45 0000006F 55                              	PUSH	EBP
    46 00000070 31 D2                           	XOR	EDX,EDX
    47 00000072 89 E5                           	MOV	EBP,ESP
    48 00000074 B8 [0000000C]                   	MOV	EAX,_timerctl+12
    49 00000079                                 L15:
    50 00000079 83 78 08 00                     	CMP	DWORD [8+EAX],0
    51 0000007D 74 10                           	JE	L18
    52 0000007F 42                              	INC	EDX
    53 00000080 83 C0 14                        	ADD	EAX,20
    54 00000083 81 FA 000001F3                  	CMP	EDX,499
    55 00000089 7E EE                           	JLE	L15
    56 0000008B 31 C0                           	XOR	EAX,EAX
    57 0000008D                                 L9:
    58 0000008D 5D                              	POP	EBP
    59 0000008E C3                              	RET
    60 0000008F                                 L18:
    61 0000008F C7 40 08 00000001               	MOV	DWORD [8+EAX],1
    62 00000096 EB F5                           	JMP	L9
    63 00000098                                 	GLOBAL	_timer_free
    64 00000098                                 _timer_free:
    65 00000098 55                              	PUSH	EBP
    66 00000099 89 E5                           	MOV	EBP,ESP
    67 0000009B 8B 45 08                        	MOV	EAX,DWORD [8+EBP]
    68 0000009E C7 40 08 00000000               	MOV	DWORD [8+EAX],0
    69 000000A5 5D                              	POP	EBP
    70 000000A6 C3                              	RET
    71 000000A7                                 	GLOBAL	_timer_init
    72 000000A7                                 _timer_init:
    73 000000A7 55                              	PUSH	EBP
    74 000000A8 89 E5                           	MOV	EBP,ESP
    75 000000AA 8B 45 08                        	MOV	EAX,DWORD [8+EBP]
    76 000000AD 8B 55 0C                        	MOV	EDX,DWORD [12+EBP]
    77 000000B0 89 50 0C                        	MOV	DWORD [12+EAX],EDX
    78 000000B3 8B 55 10                        	MOV	EDX,DWORD [16+EBP]
    79 000000B6 89 50 10                        	MOV	DWORD [16+EAX],EDX
    80 000000B9 5D                              	POP	EBP
    81 000000BA C3                              	RET
    82 000000BB                                 	GLOBAL	_timer_settime
    83 000000BB                                 _timer_settime:
    84 000000BB 55                              	PUSH	EBP
    85 000000BC A1 [00000000]                   	MOV	EAX,DWORD [_timerctl]
    86 000000C1 89 E5                           	MOV	EBP,ESP
    87 000000C3 56                              	PUSH	ESI
    88 000000C4 53                              	PUSH	EBX
    89 000000C5 8B 5D 08                        	MOV	EBX,DWORD [8+EBP]
    90 000000C8 03 45 0C                        	ADD	EAX,DWORD [12+EBP]
    91 000000CB C7 43 08 00000002               	MOV	DWORD [8+EBX],2
    92 000000D2 89 43 04                        	MOV	DWORD [4+EBX],EAX
    93 000000D5 E8 [00000000]                   	CALL	_io_load_eflags
    94 000000DA 89 C6                           	MOV	ESI,EAX
    95 000000DC E8 [00000000]                   	CALL	_io_cli
    96 000000E1 A1 [00000008]                   	MOV	EAX,DWORD [_timerctl+8]
    97 000000E6 8B 53 04                        	MOV	EDX,DWORD [4+EBX]
    98 000000E9 3B 50 04                        	CMP	EDX,DWORD [4+EAX]
    99 000000EC 76 18                           	JBE	L28
   100 000000EE                                 L23:
   101 000000EE 89 C1                           	MOV	ECX,EAX
   102 000000F0 8B 00                           	MOV	EAX,DWORD [EAX]
   103 000000F2 3B 50 04                        	CMP	EDX,DWORD [4+EAX]
   104 000000F5 77 F7                           	JA	L23
   105 000000F7 89 19                           	MOV	DWORD [ECX],EBX
   106 000000F9 89 03                           	MOV	DWORD [EBX],EAX
   107 000000FB                                 L27:
   108 000000FB 89 75 08                        	MOV	DWORD [8+EBP],ESI
   109 000000FE 5B                              	POP	EBX
   110 000000FF 5E                              	POP	ESI
   111 00000100 5D                              	POP	EBP
   112 00000101 E9 [00000000]                   	JMP	_io_store_eflags
   113 00000106                                 L28:
   114 00000106 89 1D [00000008]                	MOV	DWORD [_timerctl+8],EBX
   115 0000010C 89 15 [00000004]                	MOV	DWORD [_timerctl+4],EDX
   116 00000112 89 03                           	MOV	DWORD [EBX],EAX
   117 00000114 EB E5                           	JMP	L27
   118 00000116                                 	GLOBAL	_inthandler20
   119 00000116                                 _inthandler20:
   120 00000116 55                              	PUSH	EBP
   121 00000117 89 E5                           	MOV	EBP,ESP
   122 00000119 53                              	PUSH	EBX
   123 0000011A 6A 60                           	PUSH	96
   124 0000011C 6A 20                           	PUSH	32
   125 0000011E E8 [00000000]                   	CALL	_io_out8
   126 00000123 59                              	POP	ECX
   127 00000124 A1 [00000000]                   	MOV	EAX,DWORD [_timerctl]
   128 00000129 5B                              	POP	EBX
   129 0000012A 40                              	INC	EAX
   130 0000012B A3 [00000000]                   	MOV	DWORD [_timerctl],EAX
   131 00000130 39 05 [00000004]                	CMP	DWORD [_timerctl+4],EAX
   132 00000136 77 34                           	JA	L29
   133 00000138 8B 1D [00000008]                	MOV	EBX,DWORD [_timerctl+8]
   134 0000013E                                 L31:
   135 0000013E 8B 43 04                        	MOV	EAX,DWORD [4+EBX]
   136 00000141 3B 05 [00000000]                	CMP	EAX,DWORD [_timerctl]
   137 00000147 77 18                           	JA	L32
   138 00000149 C7 43 08 00000001               	MOV	DWORD [8+EBX],1
   139 00000150 FF 73 10                        	PUSH	DWORD [16+EBX]
   140 00000153 FF 73 0C                        	PUSH	DWORD [12+EBX]
   141 00000156 E8 [00000000]                   	CALL	_fifo32_put
   142 0000015B 58                              	POP	EAX
   143 0000015C 8B 1B                           	MOV	EBX,DWORD [EBX]
   144 0000015E 5A                              	POP	EDX
   145 0000015F EB DD                           	JMP	L31
   146 00000161                                 L32:
   147 00000161 89 1D [00000008]                	MOV	DWORD [_timerctl+8],EBX
   148 00000167 A3 [00000004]                   	MOV	DWORD [_timerctl+4],EAX
   149 0000016C                                 L29:
   150 0000016C 8B 5D FC                        	MOV	EBX,DWORD [-4+EBP]
   151 0000016F C9                              	LEAVE
   152 00000170 C3                              	RET
   153 00000171                                 	GLOBAL	_timerctl
   154                                          [SECTION .data]
   155 00000000                                 	ALIGNB	16
   156 00000000                                 _timerctl:
   157 00000000 00 00 00 00 00 00 00 00 00 00   	RESB	10012
       0000000A 00 00 00 00 00 00 00 00 00 00 
       00000014 00 00 00 00 00 00 00 00 00 00 
       0000001E 00 00 00 00 00 00 00 00 00 00 
       00000028 00 00 00 00 00 00 00 00 00 00 
       00000032 00 00 00 00 00 00 00 00 00 00 
       0000003C 00 00 00 00 00 00 00 00 00 00 
       00000046 00 00 00 00 00 00 00 00 00 00 
       00000050 00 00 00 00 00 00 00 00 00 00 
       0000005A 00 00 00 00 00 00 00 00 00 00 
       00000064 00 00 00 00 00 00 00 00 00 00 
       0000006E 00 00 00 00 00 00 00 00 00 00 
       00000078 00 00 00 00 00 00 00 00 00 00 
       00000082 00 00 00 00 00 00 00 00 00 00 
       0000008C 00 00 00 00 00 00 00 00 00 00 
       00000096 00 00 00 00 00 00 00 00 00 00 
       000000A0 00 00 00 00 00 00 00 00 00 00 
       000000AA 00 00 00 00 00 00 00 00 00 00 
       000000B4 00 00 00 00 00 00 00 00 00 00 
       000000BE 00 00 00 00 00 00 00 00 00 00 
       000000C8 00 00 00 00 00 00 00 00 00 00 
       000000D2 00 00 00 00 00 00 00 00 00 00 
       000000DC 00 00 00 00 00 00 00 00 00 00 
       000000E6 00 00 00 00 00 00 00 00 00 00 
       000000F0 00 00 00 00 00 00 00 00 00 00 
       000000FA 00 00 00 00 00 00 00 00 00 00 
       00000104 00 00 00 00 00 00 00 00 00 00 
       0000010E 00 00 00 00 00 00 00 00 00 00 
       00000118 00 00 00 00 00 00 00 00 00 00 
       00000122 00 00 00 00 00 00 00 00 00 00 
       0000012C 00 00 00 00 00 00 00 00 00 00 
       00000136 00 00 00 00 00 00 00 00 00 00 
       00000140 00 00 00 00 00 00 00 00 00 00 
       0000014A 00 00 00 00 00 00 00 00 00 00 
       00000154 00 00 00 00 00 00 00 00 00 00 
       0000015E 00 00 00 00 00 00 00 00 00 00 
       00000168 00 00 00 00 00 00 00 00 00 00 
       00000172 00 00 00 00 00 00 00 00 00 00 
       0000017C 00 00 00 00 00 00 00 00 00 00 
       00000186 00 00 00 00 00 00 00 00 00 00 
       00000190 00 00 00 00 00 00 00 00 00 00 
       0000019A 00 00 00 00 00 00 00 00 00 00 
       000001A4 00 00 00 00 00 00 00 00 00 00 
       000001AE 00 00 00 00 00 00 00 00 00 00 
       000001B8 00 00 00 00 00 00 00 00 00 00 
       000001C2 00 00 00 00 00 00 00 00 00 00 
       000001CC 00 00 00 00 00 00 00 00 00 00 
       000001D6 00 00 00 00 00 00 00 00 00 00 
       000001E0 00 00 00 00 00 00 00 00 00 00 
       000001EA 00 00 00 00 00 00 00 00 00 00 
       000001F4 00 00 00 00 00 00 00 00 00 00 
       000001FE 00 00 00 00 00 00 00 00 00 00 
       00000208 00 00 00 00 00 00 00 00 00 00 
       00000212 00 00 00 00 00 00 00 00 00 00 
       0000021C 00 00 00 00 00 00 00 00 00 00 
       00000226 00 00 00 00 00 00 00 00 00 00 
       00000230 00 00 00 00 00 00 00 00 00 00 
       0000023A 00 00 00 00 00 00 00 00 00 00 
       00000244 00 00 00 00 00 00 00 00 00 00 
       0000024E 00 00 00 00 00 00 00 00 00 00 
       00000258 00 00 00 00 00 00 00 00 00 00 
       00000262 00 00 00 00 00 00 00 00 00 00 
       0000026C 00 00 00 00 00 00 00 00 00 00 
       00000276 00 00 00 00 00 00 00 00 00 00 
       00000280 00 00 00 00 00 00 00 00 00 00 
       0000028A 00 00 00 00 00 00 00 00 00 00 
       00000294 00 00 00 00 00 00 00 00 00 00 
       0000029E 00 00 00 00 00 00 00 00 00 00 
       000002A8 00 00 00 00 00 00 00 00 00 00 
       000002B2 00 00 00 00 00 00 00 00 00 00 
       000002BC 00 00 00 00 00 00 00 00 00 00 
       000002C6 00 00 00 00 00 00 00 00 00 00 
       000002D0 00 00 00 00 00 00 00 00 00 00 
       000002DA 00 00 00 00 00 00 00 00 00 00 
       000002E4 00 00 00 00 00 00 00 00 00 00 
       000002EE 00 00 00 00 00 00 00 00 00 00 
       000002F8 00 00 00 00 00 00 00 00 00 00 
       00000302 00 00 00 00 00 00 00 00 00 00 
       0000030C 00 00 00 00 00 00 00 00 00 00 
       00000316 00 00 00 00 00 00 00 00 00 00 
       00000320 00 00 00 00 00 00 00 00 00 00 
       0000032A 00 00 00 00 00 00 00 00 00 00 
       00000334 00 00 00 00 00 00 00 00 00 00 
       0000033E 00 00 00 00 00 00 00 00 00 00 
       00000348 00 00 00 00 00 00 00 00 00 00 
       00000352 00 00 00 00 00 00 00 00 00 00 
       0000035C 00 00 00 00 00 00 00 00 00 00 
       00000366 00 00 00 00 00 00 00 00 00 00 
       00000370 00 00 00 00 00 00 00 00 00 00 
       0000037A 00 00 00 00 00 00 00 00 00 00 
       00000384 00 00 00 00 00 00 00 00 00 00 
       0000038E 00 00 00 00 00 00 00 00 00 00 
       00000398 00 00 00 00 00 00 00 00 00 00 
       000003A2 00 00 00 00 00 00 00 00 00 00 
       000003AC 00 00 00 00 00 00 00 00 00 00 
       000003B6 00 00 00 00 00 00 00 00 00 00 
       000003C0 00 00 00 00 00 00 00 00 00 00 
       000003CA 00 00 00 00 00 00 00 00 00 00 
       000003D4 00 00 00 00 00 00 00 00 00 00 
       000003DE 00 00 00 00 00 00 00 00 00 00 
       000003E8 00 00 00 00 00 00 00 00 00 00 
       000003F2 00 00 00 00 00 00 00 00 00 00 
       000003FC 00 00 00 00 00 00 00 00 00 00 
       00000406 00 00 00 00 00 00 00 00 00 00 
       00000410 00 00 00 00 00 00 00 00 00 00 
       0000041A 00 00 00 00 00 00 00 00 00 00 
       00000424 00 00 00 00 00 00 00 00 00 00 
       0000042E 00 00 00 00 00 00 00 00 00 00 
       00000438 00 00 00 00 00 00 00 00 00 00 
       00000442 00 00 00 00 00 00 00 00 00 00 
       0000044C 00 00 00 00 00 00 00 00 00 00 
       00000456 00 00 00 00 00 00 00 00 00 00 
       00000460 00 00 00 00 00 00 00 00 00 00 
       0000046A 00 00 00 00 00 00 00 00 00 00 
       00000474 00 00 00 00 00 00 00 00 00 00 
       0000047E 00 00 00 00 00 00 00 00 00 00 
       00000488 00 00 00 00 00 00 00 00 00 00 
       00000492 00 00 00 00 00 00 00 00 00 00 
       0000049C 00 00 00 00 00 00 00 00 00 00 
       000004A6 00 00 00 00 00 00 00 00 00 00 
       000004B0 00 00 00 00 00 00 00 00 00 00 
       000004BA 00 00 00 00 00 00 00 00 00 00 
       000004C4 00 00 00 00 00 00 00 00 00 00 
       000004CE 00 00 00 00 00 00 00 00 00 00 
       000004D8 00 00 00 00 00 00 00 00 00 00 
       000004E2 00 00 00 00 00 00 00 00 00 00 
       000004EC 00 00 00 00 00 00 00 00 00 00 
       000004F6 00 00 00 00 00 00 00 00 00 00 
       00000500 00 00 00 00 00 00 00 00 00 00 
       0000050A 00 00 00 00 00 00 00 00 00 00 
       00000514 00 00 00 00 00 00 00 00 00 00 
       0000051E 00 00 00 00 00 00 00 00 00 00 
       00000528 00 00 00 00 00 00 00 00 00 00 
       00000532 00 00 00 00 00 00 00 00 00 00 
       0000053C 00 00 00 00 00 00 00 00 00 00 
       00000546 00 00 00 00 00 00 00 00 00 00 
       00000550 00 00 00 00 00 00 00 00 00 00 
       0000055A 00 00 00 00 00 00 00 00 00 00 
       00000564 00 00 00 00 00 00 00 00 00 00 
       0000056E 00 00 00 00 00 00 00 00 00 00 
       00000578 00 00 00 00 00 00 00 00 00 00 
       00000582 00 00 00 00 00 00 00 00 00 00 
       0000058C 00 00 00 00 00 00 00 00 00 00 
       00000596 00 00 00 00 00 00 00 00 00 00 
       000005A0 00 00 00 00 00 00 00 00 00 00 
       000005AA 00 00 00 00 00 00 00 00 00 00 
       000005B4 00 00 00 00 00 00 00 00 00 00 
       000005BE 00 00 00 00 00 00 00 00 00 00 
       000005C8 00 00 00 00 00 00 00 00 00 00 
       000005D2 00 00 00 00 00 00 00 00 00 00 
       000005DC 00 00 00 00 00 00 00 00 00 00 
       000005E6 00 00 00 00 00 00 00 00 00 00 
       000005F0 00 00 00 00 00 00 00 00 00 00 
       000005FA 00 00 00 00 00 00 00 00 00 00 
       00000604 00 00 00 00 00 00 00 00 00 00 
       0000060E 00 00 00 00 00 00 00 00 00 00 
       00000618 00 00 00 00 00 00 00 00 00 00 
       00000622 00 00 00 00 00 00 00 00 00 00 
       0000062C 00 00 00 00 00 00 00 00 00 00 
       00000636 00 00 00 00 00 00 00 00 00 00 
       00000640 00 00 00 00 00 00 00 00 00 00 
       0000064A 00 00 00 00 00 00 00 00 00 00 
       00000654 00 00 00 00 00 00 00 00 00 00 
       0000065E 00 00 00 00 00 00 00 00 00 00 
       00000668 00 00 00 00 00 00 00 00 00 00 
       00000672 00 00 00 00 00 00 00 00 00 00 
       0000067C 00 00 00 00 00 00 00 00 00 00 
       00000686 00 00 00 00 00 00 00 00 00 00 
       00000690 00 00 00 00 00 00 00 00 00 00 
       0000069A 00 00 00 00 00 00 00 00 00 00 
       000006A4 00 00 00 00 00 00 00 00 00 00 
       000006AE 00 00 00 00 00 00 00 00 00 00 
       000006B8 00 00 00 00 00 00 00 00 00 00 
       000006C2 00 00 00 00 00 00 00 00 00 00 
       000006CC 00 00 00 00 00 00 00 00 00 00 
       000006D6 00 00 00 00 00 00 00 00 00 00 
       000006E0 00 00 00 00 00 00 00 00 00 00 
       000006EA 00 00 00 00 00 00 00 00 00 00 
       000006F4 00 00 00 00 00 00 00 00 00 00 
       000006FE 00 00 00 00 00 00 00 00 00 00 
       00000708 00 00 00 00 00 00 00 00 00 00 
       00000712 00 00 00 00 00 00 00 00 00 00 
       0000071C 00 00 00 00 00 00 00 00 00 00 
       00000726 00 00 00 00 00 00 00 00 00 00 
       00000730 00 00 00 00 00 00 00 00 00 00 
       0000073A 00 00 00 00 00 00 00 00 00 00 
       00000744 00 00 00 00 00 00 00 00 00 00 
       0000074E 00 00 00 00 00 00 00 00 00 00 
       00000758 00 00 00 00 00 00 00 00 00 00 
       00000762 00 00 00 00 00 00 00 00 00 00 
       0000076C 00 00 00 00 00 00 00 00 00 00 
       00000776 00 00 00 00 00 00 00 00 00 00 
       00000780 00 00 00 00 00 00 00 00 00 00 
       0000078A 00 00 00 00 00 00 00 00 00 00 
       00000794 00 00 00 00 00 00 00 00 00 00 
       0000079E 00 00 00 00 00 00 00 00 00 00 
       000007A8 00 00 00 00 00 00 00 00 00 00 
       000007B2 00 00 00 00 00 00 00 00 00 00 
       000007BC 00 00 00 00 00 00 00 00 00 00 
       000007C6 00 00 00 00 00 00 00 00 00 00 
       000007D0 00 00 00 00 00 00 00 00 00 00 
       000007DA 00 00 00 00 00 00 00 00 00 00 
       000007E4 00 00 00 00 00 00 00 00 00 00 
       000007EE 00 00 00 00 00 00 00 00 00 00 
       000007F8 00 00 00 00 00 00 00 00 00 00 
       00000802 00 00 00 00 00 00 00 00 00 00 
       0000080C 00 00 00 00 00 00 00 00 00 00 
       00000816 00 00 00 00 00 00 00 00 00 00 
       00000820 00 00 00 00 00 00 00 00 00 00 
       0000082A 00 00 00 00 00 00 00 00 00 00 
       00000834 00 00 00 00 00 00 00 00 00 00 
       0000083E 00 00 00 00 00 00 00 00 00 00 
       00000848 00 00 00 00 00 00 00 00 00 00 
       00000852 00 00 00 00 00 00 00 00 00 00 
       0000085C 00 00 00 00 00 00 00 00 00 00 
       00000866 00 00 00 00 00 00 00 00 00 00 
       00000870 00 00 00 00 00 00 00 00 00 00 
       0000087A 00 00 00 00 00 00 00 00 00 00 
       00000884 00 00 00 00 00 00 00 00 00 00 
       0000088E 00 00 00 00 00 00 00 00 00 00 
       00000898 00 00 00 00 00 00 00 00 00 00 
       000008A2 00 00 00 00 00 00 00 00 00 00 
       000008AC 00 00 00 00 00 00 00 00 00 00 
       000008B6 00 00 00 00 00 00 00 00 00 00 
       000008C0 00 00 00 00 00 00 00 00 00 00 
       000008CA 00 00 00 00 00 00 00 00 00 00 
       000008D4 00 00 00 00 00 00 00 00 00 00 
       000008DE 00 00 00 00 00 00 00 00 00 00 
       000008E8 00 00 00 00 00 00 00 00 00 00 
       000008F2 00 00 00 00 00 00 00 00 00 00 
       000008FC 00 00 00 00 00 00 00 00 00 00 
       00000906 00 00 00 00 00 00 00 00 00 00 
       00000910 00 00 00 00 00 00 00 00 00 00 
       0000091A 00 00 00 00 00 00 00 00 00 00 
       00000924 00 00 00 00 00 00 00 00 00 00 
       0000092E 00 00 00 00 00 00 00 00 00 00 
       00000938 00 00 00 00 00 00 00 00 00 00 
       00000942 00 00 00 00 00 00 00 00 00 00 
       0000094C 00 00 00 00 00 00 00 00 00 00 
       00000956 00 00 00 00 00 00 00 00 00 00 
       00000960 00 00 00 00 00 00 00 00 00 00 
       0000096A 00 00 00 00 00 00 00 00 00 00 
       00000974 00 00 00 00 00 00 00 00 00 00 
       0000097E 00 00 00 00 00 00 00 00 00 00 
       00000988 00 00 00 00 00 00 00 00 00 00 
       00000992 00 00 00 00 00 00 00 00 00 00 
       0000099C 00 00 00 00 00 00 00 00 00 00 
       000009A6 00 00 00 00 00 00 00 00 00 00 
       000009B0 00 00 00 00 00 00 00 00 00 00 
       000009BA 00 00 00 00 00 00 00 00 00 00 
       000009C4 00 00 00 00 00 00 00 00 00 00 
       000009CE 00 00 00 00 00 00 00 00 00 00 
       000009D8 00 00 00 00 00 00 00 00 00 00 
       000009E2 00 00 00 00 00 00 00 00 00 00 
       000009EC 00 00 00 00 00 00 00 00 00 00 
       000009F6 00 00 00 00 00 00 00 00 00 00 
       00000A00 00 00 00 00 00 00 00 00 00 00 
       00000A0A 00 00 00 00 00 00 00 00 00 00 
       00000A14 00 00 00 00 00 00 00 00 00 00 
       00000A1E 00 00 00 00 00 00 00 00 00 00 
       00000A28 00 00 00 00 00 00 00 00 00 00 
       00000A32 00 00 00 00 00 00 00 00 00 00 
       00000A3C 00 00 00 00 00 00 00 00 00 00 
       00000A46 00 00 00 00 00 00 00 00 00 00 
       00000A50 00 00 00 00 00 00 00 00 00 00 
       00000A5A 00 00 00 00 00 00 00 00 00 00 
       00000A64 00 00 00 00 00 00 00 00 00 00 
       00000A6E 00 00 00 00 00 00 00 00 00 00 
       00000A78 00 00 00 00 00 00 00 00 00 00 
       00000A82 00 00 00 00 00 00 00 00 00 00 
       00000A8C 00 00 00 00 00 00 00 00 00 00 
       00000A96 00 00 00 00 00 00 00 00 00 00 
       00000AA0 00 00 00 00 00 00 00 00 00 00 
       00000AAA 00 00 00 00 00 00 00 00 00 00 
       00000AB4 00 00 00 00 00 00 00 00 00 00 
       00000ABE 00 00 00 00 00 00 00 00 00 00 
       00000AC8 00 00 00 00 00 00 00 00 00 00 
       00000AD2 00 00 00 00 00 00 00 00 00 00 
       00000ADC 00 00 00 00 00 00 00 00 00 00 
       00000AE6 00 00 00 00 00 00 00 00 00 00 
       00000AF0 00 00 00 00 00 00 00 00 00 00 
       00000AFA 00 00 00 00 00 00 00 00 00 00 
       00000B04 00 00 00 00 00 00 00 00 00 00 
       00000B0E 00 00 00 00 00 00 00 00 00 00 
       00000B18 00 00 00 00 00 00 00 00 00 00 
       00000B22 00 00 00 00 00 00 00 00 00 00 
       00000B2C 00 00 00 00 00 00 00 00 00 00 
       00000B36 00 00 00 00 00 00 00 00 00 00 
       00000B40 00 00 00 00 00 00 00 00 00 00 
       00000B4A 00 00 00 00 00 00 00 00 00 00 
       00000B54 00 00 00 00 00 00 00 00 00 00 
       00000B5E 00 00 00 00 00 00 00 00 00 00 
       00000B68 00 00 00 00 00 00 00 00 00 00 
       00000B72 00 00 00 00 00 00 00 00 00 00 
       00000B7C 00 00 00 00 00 00 00 00 00 00 
       00000B86 00 00 00 00 00 00 00 00 00 00 
       00000B90 00 00 00 00 00 00 00 00 00 00 
       00000B9A 00 00 00 00 00 00 00 00 00 00 
       00000BA4 00 00 00 00 00 00 00 00 00 00 
       00000BAE 00 00 00 00 00 00 00 00 00 00 
       00000BB8 00 00 00 00 00 00 00 00 00 00 
       00000BC2 00 00 00 00 00 00 00 00 00 00 
       00000BCC 00 00 00 00 00 00 00 00 00 00 
       00000BD6 00 00 00 00 00 00 00 00 00 00 
       00000BE0 00 00 00 00 00 00 00 00 00 00 
       00000BEA 00 00 00 00 00 00 00 00 00 00 
       00000BF4 00 00 00 00 00 00 00 00 00 00 
       00000BFE 00 00 00 00 00 00 00 00 00 00 
       00000C08 00 00 00 00 00 00 00 00 00 00 
       00000C12 00 00 00 00 00 00 00 00 00 00 
       00000C1C 00 00 00 00 00 00 00 00 00 00 
       00000C26 00 00 00 00 00 00 00 00 00 00 
       00000C30 00 00 00 00 00 00 00 00 00 00 
       00000C3A 00 00 00 00 00 00 00 00 00 00 
       00000C44 00 00 00 00 00 00 00 00 00 00 
       00000C4E 00 00 00 00 00 00 00 00 00 00 
       00000C58 00 00 00 00 00 00 00 00 00 00 
       00000C62 00 00 00 00 00 00 00 00 00 00 
       00000C6C 00 00 00 00 00 00 00 00 00 00 
       00000C76 00 00 00 00 00 00 00 00 00 00 
       00000C80 00 00 00 00 00 00 00 00 00 00 
       00000C8A 00 00 00 00 00 00 00 00 00 00 
       00000C94 00 00 00 00 00 00 00 00 00 00 
       00000C9E 00 00 00 00 00 00 00 00 00 00 
       00000CA8 00 00 00 00 00 00 00 00 00 00 
       00000CB2 00 00 00 00 00 00 00 00 00 00 
       00000CBC 00 00 00 00 00 00 00 00 00 00 
       00000CC6 00 00 00 00 00 00 00 00 00 00 
       00000CD0 00 00 00 00 00 00 00 00 00 00 
       00000CDA 00 00 00 00 00 00 00 00 00 00 
       00000CE4 00 00 00 00 00 00 00 00 00 00 
       00000CEE 00 00 00 00 00 00 00 00 00 00 
       00000CF8 00 00 00 00 00 00 00 00 00 00 
       00000D02 00 00 00 00 00 00 00 00 00 00 
       00000D0C 00 00 00 00 00 00 00 00 00 00 
       00000D16 00 00 00 00 00 00 00 00 00 00 
       00000D20 00 00 00 00 00 00 00 00 00 00 
       00000D2A 00 00 00 00 00 00 00 00 00 00 
       00000D34 00 00 00 00 00 00 00 00 00 00 
       00000D3E 00 00 00 00 00 00 00 00 00 00 
       00000D48 00 00 00 00 00 00 00 00 00 00 
       00000D52 00 00 00 00 00 00 00 00 00 00 
       00000D5C 00 00 00 00 00 00 00 00 00 00 
       00000D66 00 00 00 00 00 00 00 00 00 00 
       00000D70 00 00 00 00 00 00 00 00 00 00 
       00000D7A 00 00 00 00 00 00 00 00 00 00 
       00000D84 00 00 00 00 00 00 00 00 00 00 
       00000D8E 00 00 00 00 00 00 00 00 00 00 
       00000D98 00 00 00 00 00 00 00 00 00 00 
       00000DA2 00 00 00 00 00 00 00 00 00 00 
       00000DAC 00 00 00 00 00 00 00 00 00 00 
       00000DB6 00 00 00 00 00 00 00 00 00 00 
       00000DC0 00 00 00 00 00 00 00 00 00 00 
       00000DCA 00 00 00 00 00 00 00 00 00 00 
       00000DD4 00 00 00 00 00 00 00 00 00 00 
       00000DDE 00 00 00 00 00 00 00 00 00 00 
       00000DE8 00 00 00 00 00 00 00 00 00 00 
       00000DF2 00 00 00 00 00 00 00 00 00 00 
       00000DFC 00 00 00 00 00 00 00 00 00 00 
       00000E06 00 00 00 00 00 00 00 00 00 00 
       00000E10 00 00 00 00 00 00 00 00 00 00 
       00000E1A 00 00 00 00 00 00 00 00 00 00 
       00000E24 00 00 00 00 00 00 00 00 00 00 
       00000E2E 00 00 00 00 00 00 00 00 00 00 
       00000E38 00 00 00 00 00 00 00 00 00 00 
       00000E42 00 00 00 00 00 00 00 00 00 00 
       00000E4C 00 00 00 00 00 00 00 00 00 00 
       00000E56 00 00 00 00 00 00 00 00 00 00 
       00000E60 00 00 00 00 00 00 00 00 00 00 
       00000E6A 00 00 00 00 00 00 00 00 00 00 
       00000E74 00 00 00 00 00 00 00 00 00 00 
       00000E7E 00 00 00 00 00 00 00 00 00 00 
       00000E88 00 00 00 00 00 00 00 00 00 00 
       00000E92 00 00 00 00 00 00 00 00 00 00 
       00000E9C 00 00 00 00 00 00 00 00 00 00 
       00000EA6 00 00 00 00 00 00 00 00 00 00 
       00000EB0 00 00 00 00 00 00 00 00 00 00 
       00000EBA 00 00 00 00 00 00 00 00 00 00 
       00000EC4 00 00 00 00 00 00 00 00 00 00 
       00000ECE 00 00 00 00 00 00 00 00 00 00 
       00000ED8 00 00 00 00 00 00 00 00 00 00 
       00000EE2 00 00 00 00 00 00 00 00 00 00 
       00000EEC 00 00 00 00 00 00 00 00 00 00 
       00000EF6 00 00 00 00 00 00 00 00 00 00 
       00000F00 00 00 00 00 00 00 00 00 00 00 
       00000F0A 00 00 00 00 00 00 00 00 00 00 
       00000F14 00 00 00 00 00 00 00 00 00 00 
       00000F1E 00 00 00 00 00 00 00 00 00 00 
       00000F28 00 00 00 00 00 00 00 00 00 00 
       00000F32 00 00 00 00 00 00 00 00 00 00 
       00000F3C 00 00 00 00 00 00 00 00 00 00 
       00000F46 00 00 00 00 00 00 00 00 00 00 
       00000F50 00 00 00 00 00 00 00 00 00 00 
       00000F5A 00 00 00 00 00 00 00 00 00 00 
       00000F64 00 00 00 00 00 00 00 00 00 00 
       00000F6E 00 00 00 00 00 00 00 00 00 00 
       00000F78 00 00 00 00 00 00 00 00 00 00 
       00000F82 00 00 00 00 00 00 00 00 00 00 
       00000F8C 00 00 00 00 00 00 00 00 00 00 
       00000F96 00 00 00 00 00 00 00 00 00 00 
       00000FA0 00 00 00 00 00 00 00 00 00 00 
       00000FAA 00 00 00 00 00 00 00 00 00 00 
       00000FB4 00 00 00 00 00 00 00 00 00 00 
       00000FBE 00 00 00 00 00 00 00 00 00 00 
       00000FC8 00 00 00 00 00 00 00 00 00 00 
       00000FD2 00 00 00 00 00 00 00 00 00 00 
       00000FDC 00 00 00 00 00 00 00 00 00 00 
       00000FE6 00 00 00 00 00 00 00 00 00 00 
       00000FF0 00 00 00 00 00 00 00 00 00 00 
       00000FFA 00 00 00 00 00 00 00 00 00 00 
       00001004 00 00 00 00 00 00 00 00 00 00 
       0000100E 00 00 00 00 00 00 00 00 00 00 
       00001018 00 00 00 00 00 00 00 00 00 00 
       00001022 00 00 00 00 00 00 00 00 00 00 
       0000102C 00 00 00 00 00 00 00 00 00 00 
       00001036 00 00 00 00 00 00 00 00 00 00 
       00001040 00 00 00 00 00 00 00 00 00 00 
       0000104A 00 00 00 00 00 00 00 00 00 00 
       00001054 00 00 00 00 00 00 00 00 00 00 
       0000105E 00 00 00 00 00 00 00 00 00 00 
       00001068 00 00 00 00 00 00 00 00 00 00 
       00001072 00 00 00 00 00 00 00 00 00 00 
       0000107C 00 00 00 00 00 00 00 00 00 00 
       00001086 00 00 00 00 00 00 00 00 00 00 
       00001090 00 00 00 00 00 00 00 00 00 00 
       0000109A 00 00 00 00 00 00 00 00 00 00 
       000010A4 00 00 00 00 00 00 00 00 00 00 
       000010AE 00 00 00 00 00 00 00 00 00 00 
       000010B8 00 00 00 00 00 00 00 00 00 00 
       000010C2 00 00 00 00 00 00 00 00 00 00 
       000010CC 00 00 00 00 00 00 00 00 00 00 
       000010D6 00 00 00 00 00 00 00 00 00 00 
       000010E0 00 00 00 00 00 00 00 00 00 00 
       000010EA 00 00 00 00 00 00 00 00 00 00 
       000010F4 00 00 00 00 00 00 00 00 00 00 
       000010FE 00 00 00 00 00 00 00 00 00 00 
       00001108 00 00 00 00 00 00 00 00 00 00 
       00001112 00 00 00 00 00 00 00 00 00 00 
       0000111C 00 00 00 00 00 00 00 00 00 00 
       00001126 00 00 00 00 00 00 00 00 00 00 
       00001130 00 00 00 00 00 00 00 00 00 00 
       0000113A 00 00 00 00 00 00 00 00 00 00 
       00001144 00 00 00 00 00 00 00 00 00 00 
       0000114E 00 00 00 00 00 00 00 00 00 00 
       00001158 00 00 00 00 00 00 00 00 00 00 
       00001162 00 00 00 00 00 00 00 00 00 00 
       0000116C 00 00 00 00 00 00 00 00 00 00 
       00001176 00 00 00 00 00 00 00 00 00 00 
       00001180 00 00 00 00 00 00 00 00 00 00 
       0000118A 00 00 00 00 00 00 00 00 00 00 
       00001194 00 00 00 00 00 00 00 00 00 00 
       0000119E 00 00 00 00 00 00 00 00 00 00 
       000011A8 00 00 00 00 00 00 00 00 00 00 
       000011B2 00 00 00 00 00 00 00 00 00 00 
       000011BC 00 00 00 00 00 00 00 00 00 00 
       000011C6 00 00 00 00 00 00 00 00 00 00 
       000011D0 00 00 00 00 00 00 00 00 00 00 
       000011DA 00 00 00 00 00 00 00 00 00 00 
       000011E4 00 00 00 00 00 00 00 00 00 00 
       000011EE 00 00 00 00 00 00 00 00 00 00 
       000011F8 00 00 00 00 00 00 00 00 00 00 
       00001202 00 00 00 00 00 00 00 00 00 00 
       0000120C 00 00 00 00 00 00 00 00 00 00 
       00001216 00 00 00 00 00 00 00 00 00 00 
       00001220 00 00 00 00 00 00 00 00 00 00 
       0000122A 00 00 00 00 00 00 00 00 00 00 
       00001234 00 00 00 00 00 00 00 00 00 00 
       0000123E 00 00 00 00 00 00 00 00 00 00 
       00001248 00 00 00 00 00 00 00 00 00 00 
       00001252 00 00 00 00 00 00 00 00 00 00 
       0000125C 00 00 00 00 00 00 00 00 00 00 
       00001266 00 00 00 00 00 00 00 00 00 00 
       00001270 00 00 00 00 00 00 00 00 00 00 
       0000127A 00 00 00 00 00 00 00 00 00 00 
       00001284 00 00 00 00 00 00 00 00 00 00 
       0000128E 00 00 00 00 00 00 00 00 00 00 
       00001298 00 00 00 00 00 00 00 00 00 00 
       000012A2 00 00 00 00 00 00 00 00 00 00 
       000012AC 00 00 00 00 00 00 00 00 00 00 
       000012B6 00 00 00 00 00 00 00 00 00 00 
       000012C0 00 00 00 00 00 00 00 00 00 00 
       000012CA 00 00 00 00 00 00 00 00 00 00 
       000012D4 00 00 00 00 00 00 00 00 00 00 
       000012DE 00 00 00 00 00 00 00 00 00 00 
       000012E8 00 00 00 00 00 00 00 00 00 00 
       000012F2 00 00 00 00 00 00 00 00 00 00 
       000012FC 00 00 00 00 00 00 00 00 00 00 
       00001306 00 00 00 00 00 00 00 00 00 00 
       00001310 00 00 00 00 00 00 00 00 00 00 
       0000131A 00 00 00 00 00 00 00 00 00 00 
       00001324 00 00 00 00 00 00 00 00 00 00 
       0000132E 00 00 00 00 00 00 00 00 00 00 
       00001338 00 00 00 00 00 00 00 00 00 00 
       00001342 00 00 00 00 00 00 00 00 00 00 
       0000134C 00 00 00 00 00 00 00 00 00 00 
       00001356 00 00 00 00 00 00 00 00 00 00 
       00001360 00 00 00 00 00 00 00 00 00 00 
       0000136A 00 00 00 00 00 00 00 00 00 00 
       00001374 00 00 00 00 00 00 00 00 00 00 
       0000137E 00 00 00 00 00 00 00 00 00 00 
       00001388 00 00 00 00 00 00 00 00 00 00 
       00001392 00 00 00 00 00 00 00 00 00 00 
       0000139C 00 00 00 00 00 00 00 00 00 00 
       000013A6 00 00 00 00 00 00 00 00 00 00 
       000013B0 00 00 00 00 00 00 00 00 00 00 
       000013BA 00 00 00 00 00 00 00 00 00 00 
       000013C4 00 00 00 00 00 00 00 00 00 00 
       000013CE 00 00 00 00 00 00 00 00 00 00 
       000013D8 00 00 00 00 00 00 00 00 00 00 
       000013E2 00 00 00 00 00 00 00 00 00 00 
       000013EC 00 00 00 00 00 00 00 00 00 00 
       000013F6 00 00 00 00 00 00 00 00 00 00 
       00001400 00 00 00 00 00 00 00 00 00 00 
       0000140A 00 00 00 00 00 00 00 00 00 00 
       00001414 00 00 00 00 00 00 00 00 00 00 
       0000141E 00 00 00 00 00 00 00 00 00 00 
       00001428 00 00 00 00 00 00 00 00 00 00 
       00001432 00 00 00 00 00 00 00 00 00 00 
       0000143C 00 00 00 00 00 00 00 00 00 00 
       00001446 00 00 00 00 00 00 00 00 00 00 
       00001450 00 00 00 00 00 00 00 00 00 00 
       0000145A 00 00 00 00 00 00 00 00 00 00 
       00001464 00 00 00 00 00 00 00 00 00 00 
       0000146E 00 00 00 00 00 00 00 00 00 00 
       00001478 00 00 00 00 00 00 00 00 00 00 
       00001482 00 00 00 00 00 00 00 00 00 00 
       0000148C 00 00 00 00 00 00 00 00 00 00 
       00001496 00 00 00 00 00 00 00 00 00 00 
       000014A0 00 00 00 00 00 00 00 00 00 00 
       000014AA 00 00 00 00 00 00 00 00 00 00 
       000014B4 00 00 00 00 00 00 00 00 00 00 
       000014BE 00 00 00 00 00 00 00 00 00 00 
       000014C8 00 00 00 00 00 00 00 00 00 00 
       000014D2 00 00 00 00 00 00 00 00 00 00 
       000014DC 00 00 00 00 00 00 00 00 00 00 
       000014E6 00 00 00 00 00 00 00 00 00 00 
       000014F0 00 00 00 00 00 00 00 00 00 00 
       000014FA 00 00 00 00 00 00 00 00 00 00 
       00001504 00 00 00 00 00 00 00 00 00 00 
       0000150E 00 00 00 00 00 00 00 00 00 00 
       00001518 00 00 00 00 00 00 00 00 00 00 
       00001522 00 00 00 00 00 00 00 00 00 00 
       0000152C 00 00 00 00 00 00 00 00 00 00 
       00001536 00 00 00 00 00 00 00 00 00 00 
       00001540 00 00 00 00 00 00 00 00 00 00 
       0000154A 00 00 00 00 00 00 00 00 00 00 
       00001554 00 00 00 00 00 00 00 00 00 00 
       0000155E 00 00 00 00 00 00 00 00 00 00 
       00001568 00 00 00 00 00 00 00 00 00 00 
       00001572 00 00 00 00 00 00 00 00 00 00 
       0000157C 00 00 00 00 00 00 00 00 00 00 
       00001586 00 00 00 00 00 00 00 00 00 00 
       00001590 00 00 00 00 00 00 00 00 00 00 
       0000159A 00 00 00 00 00 00 00 00 00 00 
       000015A4 00 00 00 00 00 00 00 00 00 00 
       000015AE 00 00 00 00 00 00 00 00 00 00 
       000015B8 00 00 00 00 00 00 00 00 00 00 
       000015C2 00 00 00 00 00 00 00 00 00 00 
       000015CC 00 00 00 00 00 00 00 00 00 00 
       000015D6 00 00 00 00 00 00 00 00 00 00 
       000015E0 00 00 00 00 00 00 00 00 00 00 
       000015EA 00 00 00 00 00 00 00 00 00 00 
       000015F4 00 00 00 00 00 00 00 00 00 00 
       000015FE 00 00 00 00 00 00 00 00 00 00 
       00001608 00 00 00 00 00 00 00 00 00 00 
       00001612 00 00 00 00 00 00 00 00 00 00 
       0000161C 00 00 00 00 00 00 00 00 00 00 
       00001626 00 00 00 00 00 00 00 00 00 00 
       00001630 00 00 00 00 00 00 00 00 00 00 
       0000163A 00 00 00 00 00 00 00 00 00 00 
       00001644 00 00 00 00 00 00 00 00 00 00 
       0000164E 00 00 00 00 00 00 00 00 00 00 
       00001658 00 00 00 00 00 00 00 00 00 00 
       00001662 00 00 00 00 00 00 00 00 00 00 
       0000166C 00 00 00 00 00 00 00 00 00 00 
       00001676 00 00 00 00 00 00 00 00 00 00 
       00001680 00 00 00 00 00 00 00 00 00 00 
       0000168A 00 00 00 00 00 00 00 00 00 00 
       00001694 00 00 00 00 00 00 00 00 00 00 
       0000169E 00 00 00 00 00 00 00 00 00 00 
       000016A8 00 00 00 00 00 00 00 00 00 00 
       000016B2 00 00 00 00 00 00 00 00 00 00 
       000016BC 00 00 00 00 00 00 00 00 00 00 
       000016C6 00 00 00 00 00 00 00 00 00 00 
       000016D0 00 00 00 00 00 00 00 00 00 00 
       000016DA 00 00 00 00 00 00 00 00 00 00 
       000016E4 00 00 00 00 00 00 00 00 00 00 
       000016EE 00 00 00 00 00 00 00 00 00 00 
       000016F8 00 00 00 00 00 00 00 00 00 00 
       00001702 00 00 00 00 00 00 00 00 00 00 
       0000170C 00 00 00 00 00 00 00 00 00 00 
       00001716 00 00 00 00 00 00 00 00 00 00 
       00001720 00 00 00 00 00 00 00 00 00 00 
       0000172A 00 00 00 00 00 00 00 00 00 00 
       00001734 00 00 00 00 00 00 00 00 00 00 
       0000173E 00 00 00 00 00 00 00 00 00 00 
       00001748 00 00 00 00 00 00 00 00 00 00 
       00001752 00 00 00 00 00 00 00 00 00 00 
       0000175C 00 00 00 00 00 00 00 00 00 00 
       00001766 00 00 00 00 00 00 00 00 00 00 
       00001770 00 00 00 00 00 00 00 00 00 00 
       0000177A 00 00 00 00 00 00 00 00 00 00 
       00001784 00 00 00 00 00 00 00 00 00 00 
       0000178E 00 00 00 00 00 00 00 00 00 00 
       00001798 00 00 00 00 00 00 00 00 00 00 
       000017A2 00 00 00 00 00 00 00 00 00 00 
       000017AC 00 00 00 00 00 00 00 00 00 00 
       000017B6 00 00 00 00 00 00 00 00 00 00 
       000017C0 00 00 00 00 00 00 00 00 00 00 
       000017CA 00 00 00 00 00 00 00 00 00 00 
       000017D4 00 00 00 00 00 00 00 00 00 00 
       000017DE 00 00 00 00 00 00 00 00 00 00 
       000017E8 00 00 00 00 00 00 00 00 00 00 
       000017F2 00 00 00 00 00 00 00 00 00 00 
       000017FC 00 00 00 00 00 00 00 00 00 00 
       00001806 00 00 00 00 00 00 00 00 00 00 
       00001810 00 00 00 00 00 00 00 00 00 00 
       0000181A 00 00 00 00 00 00 00 00 00 00 
       00001824 00 00 00 00 00 00 00 00 00 00 
       0000182E 00 00 00 00 00 00 00 00 00 00 
       00001838 00 00 00 00 00 00 00 00 00 00 
       00001842 00 00 00 00 00 00 00 00 00 00 
       0000184C 00 00 00 00 00 00 00 00 00 00 
       00001856 00 00 00 00 00 00 00 00 00 00 
       00001860 00 00 00 00 00 00 00 00 00 00 
       0000186A 00 00 00 00 00 00 00 00 00 00 
       00001874 00 00 00 00 00 00 00 00 00 00 
       0000187E 00 00 00 00 00 00 00 00 00 00 
       00001888 00 00 00 00 00 00 00 00 00 00 
       00001892 00 00 00 00 00 00 00 00 00 00 
       0000189C 00 00 00 00 00 00 00 00 00 00 
       000018A6 00 00 00 00 00 00 00 00 00 00 
       000018B0 00 00 00 00 00 00 00 00 00 00 
       000018BA 00 00 00 00 00 00 00 00 00 00 
       000018C4 00 00 00 00 00 00 00 00 00 00 
       000018CE 00 00 00 00 00 00 00 00 00 00 
       000018D8 00 00 00 00 00 00 00 00 00 00 
       000018E2 00 00 00 00 00 00 00 00 00 00 
       000018EC 00 00 00 00 00 00 00 00 00 00 
       000018F6 00 00 00 00 00 00 00 00 00 00 
       00001900 00 00 00 00 00 00 00 00 00 00 
       0000190A 00 00 00 00 00 00 00 00 00 00 
       00001914 00 00 00 00 00 00 00 00 00 00 
       0000191E 00 00 00 00 00 00 00 00 00 00 
       00001928 00 00 00 00 00 00 00 00 00 00 
       00001932 00 00 00 00 00 00 00 00 00 00 
       0000193C 00 00 00 00 00 00 00 00 00 00 
       00001946 00 00 00 00 00 00 00 00 00 00 
       00001950 00 00 00 00 00 00 00 00 00 00 
       0000195A 00 00 00 00 00 00 00 00 00 00 
       00001964 00 00 00 00 00 00 00 00 00 00 
       0000196E 00 00 00 00 00 00 00 00 00 00 
       00001978 00 00 00 00 00 00 00 00 00 00 
       00001982 00 00 00 00 00 00 00 00 00 00 
       0000198C 00 00 00 00 00 00 00 00 00 00 
       00001996 00 00 00 00 00 00 00 00 00 00 
       000019A0 00 00 00 00 00 00 00 00 00 00 
       000019AA 00 00 00 00 00 00 00 00 00 00 
       000019B4 00 00 00 00 00 00 00 00 00 00 
       000019BE 00 00 00 00 00 00 00 00 00 00 
       000019C8 00 00 00 00 00 00 00 00 00 00 
       000019D2 00 00 00 00 00 00 00 00 00 00 
       000019DC 00 00 00 00 00 00 00 00 00 00 
       000019E6 00 00 00 00 00 00 00 00 00 00 
       000019F0 00 00 00 00 00 00 00 00 00 00 
       000019FA 00 00 00 00 00 00 00 00 00 00 
       00001A04 00 00 00 00 00 00 00 00 00 00 
       00001A0E 00 00 00 00 00 00 00 00 00 00 
       00001A18 00 00 00 00 00 00 00 00 00 00 
       00001A22 00 00 00 00 00 00 00 00 00 00 
       00001A2C 00 00 00 00 00 00 00 00 00 00 
       00001A36 00 00 00 00 00 00 00 00 00 00 
       00001A40 00 00 00 00 00 00 00 00 00 00 
       00001A4A 00 00 00 00 00 00 00 00 00 00 
       00001A54 00 00 00 00 00 00 00 00 00 00 
       00001A5E 00 00 00 00 00 00 00 00 00 00 
       00001A68 00 00 00 00 00 00 00 00 00 00 
       00001A72 00 00 00 00 00 00 00 00 00 00 
       00001A7C 00 00 00 00 00 00 00 00 00 00 
       00001A86 00 00 00 00 00 00 00 00 00 00 
       00001A90 00 00 00 00 00 00 00 00 00 00 
       00001A9A 00 00 00 00 00 00 00 00 00 00 
       00001AA4 00 00 00 00 00 00 00 00 00 00 
       00001AAE 00 00 00 00 00 00 00 00 00 00 
       00001AB8 00 00 00 00 00 00 00 00 00 00 
       00001AC2 00 00 00 00 00 00 00 00 00 00 
       00001ACC 00 00 00 00 00 00 00 00 00 00 
       00001AD6 00 00 00 00 00 00 00 00 00 00 
       00001AE0 00 00 00 00 00 00 00 00 00 00 
       00001AEA 00 00 00 00 00 00 00 00 00 00 
       00001AF4 00 00 00 00 00 00 00 00 00 00 
       00001AFE 00 00 00 00 00 00 00 00 00 00 
       00001B08 00 00 00 00 00 00 00 00 00 00 
       00001B12 00 00 00 00 00 00 00 00 00 00 
       00001B1C 00 00 00 00 00 00 00 00 00 00 
       00001B26 00 00 00 00 00 00 00 00 00 00 
       00001B30 00 00 00 00 00 00 00 00 00 00 
       00001B3A 00 00 00 00 00 00 00 00 00 00 
       00001B44 00 00 00 00 00 00 00 00 00 00 
       00001B4E 00 00 00 00 00 00 00 00 00 00 
       00001B58 00 00 00 00 00 00 00 00 00 00 
       00001B62 00 00 00 00 00 00 00 00 00 00 
       00001B6C 00 00 00 00 00 00 00 00 00 00 
       00001B76 00 00 00 00 00 00 00 00 00 00 
       00001B80 00 00 00 00 00 00 00 00 00 00 
       00001B8A 00 00 00 00 00 00 00 00 00 00 
       00001B94 00 00 00 00 00 00 00 00 00 00 
       00001B9E 00 00 00 00 00 00 00 00 00 00 
       00001BA8 00 00 00 00 00 00 00 00 00 00 
       00001BB2 00 00 00 00 00 00 00 00 00 00 
       00001BBC 00 00 00 00 00 00 00 00 00 00 
       00001BC6 00 00 00 00 00 00 00 00 00 00 
       00001BD0 00 00 00 00 00 00 00 00 00 00 
       00001BDA 00 00 00 00 00 00 00 00 00 00 
       00001BE4 00 00 00 00 00 00 00 00 00 00 
       00001BEE 00 00 00 00 00 00 00 00 00 00 
       00001BF8 00 00 00 00 00 00 00 00 00 00 
       00001C02 00 00 00 00 00 00 00 00 00 00 
       00001C0C 00 00 00 00 00 00 00 00 00 00 
       00001C16 00 00 00 00 00 00 00 00 00 00 
       00001C20 00 00 00 00 00 00 00 00 00 00 
       00001C2A 00 00 00 00 00 00 00 00 00 00 
       00001C34 00 00 00 00 00 00 00 00 00 00 
       00001C3E 00 00 00 00 00 00 00 00 00 00 
       00001C48 00 00 00 00 00 00 00 00 00 00 
       00001C52 00 00 00 00 00 00 00 00 00 00 
       00001C5C 00 00 00 00 00 00 00 00 00 00 
       00001C66 00 00 00 00 00 00 00 00 00 00 
       00001C70 00 00 00 00 00 00 00 00 00 00 
       00001C7A 00 00 00 00 00 00 00 00 00 00 
       00001C84 00 00 00 00 00 00 00 00 00 00 
       00001C8E 00 00 00 00 00 00 00 00 00 00 
       00001C98 00 00 00 00 00 00 00 00 00 00 
       00001CA2 00 00 00 00 00 00 00 00 00 00 
       00001CAC 00 00 00 00 00 00 00 00 00 00 
       00001CB6 00 00 00 00 00 00 00 00 00 00 
       00001CC0 00 00 00 00 00 00 00 00 00 00 
       00001CCA 00 00 00 00 00 00 00 00 00 00 
       00001CD4 00 00 00 00 00 00 00 00 00 00 
       00001CDE 00 00 00 00 00 00 00 00 00 00 
       00001CE8 00 00 00 00 00 00 00 00 00 00 
       00001CF2 00 00 00 00 00 00 00 00 00 00 
       00001CFC 00 00 00 00 00 00 00 00 00 00 
       00001D06 00 00 00 00 00 00 00 00 00 00 
       00001D10 00 00 00 00 00 00 00 00 00 00 
       00001D1A 00 00 00 00 00 00 00 00 00 00 
       00001D24 00 00 00 00 00 00 00 00 00 00 
       00001D2E 00 00 00 00 00 00 00 00 00 00 
       00001D38 00 00 00 00 00 00 00 00 00 00 
       00001D42 00 00 00 00 00 00 00 00 00 00 
       00001D4C 00 00 00 00 00 00 00 00 00 00 
       00001D56 00 00 00 00 00 00 00 00 00 00 
       00001D60 00 00 00 00 00 00 00 00 00 00 
       00001D6A 00 00 00 00 00 00 00 00 00 00 
       00001D74 00 00 00 00 00 00 00 00 00 00 
       00001D7E 00 00 00 00 00 00 00 00 00 00 
       00001D88 00 00 00 00 00 00 00 00 00 00 
       00001D92 00 00 00 00 00 00 00 00 00 00 
       00001D9C 00 00 00 00 00 00 00 00 00 00 
       00001DA6 00 00 00 00 00 00 00 00 00 00 
       00001DB0 00 00 00 00 00 00 00 00 00 00 
       00001DBA 00 00 00 00 00 00 00 00 00 00 
       00001DC4 00 00 00 00 00 00 00 00 00 00 
       00001DCE 00 00 00 00 00 00 00 00 00 00 
       00001DD8 00 00 00 00 00 00 00 00 00 00 
       00001DE2 00 00 00 00 00 00 00 00 00 00 
       00001DEC 00 00 00 00 00 00 00 00 00 00 
       00001DF6 00 00 00 00 00 00 00 00 00 00 
       00001E00 00 00 00 00 00 00 00 00 00 00 
       00001E0A 00 00 00 00 00 00 00 00 00 00 
       00001E14 00 00 00 00 00 00 00 00 00 00 
       00001E1E 00 00 00 00 00 00 00 00 00 00 
       00001E28 00 00 00 00 00 00 00 00 00 00 
       00001E32 00 00 00 00 00 00 00 00 00 00 
       00001E3C 00 00 00 00 00 00 00 00 00 00 
       00001E46 00 00 00 00 00 00 00 00 00 00 
       00001E50 00 00 00 00 00 00 00 00 00 00 
       00001E5A 00 00 00 00 00 00 00 00 00 00 
       00001E64 00 00 00 00 00 00 00 00 00 00 
       00001E6E 00 00 00 00 00 00 00 00 00 00 
       00001E78 00 00 00 00 00 00 00 00 00 00 
       00001E82 00 00 00 00 00 00 00 00 00 00 
       00001E8C 00 00 00 00 00 00 00 00 00 00 
       00001E96 00 00 00 00 00 00 00 00 00 00 
       00001EA0 00 00 00 00 00 00 00 00 00 00 
       00001EAA 00 00 00 00 00 00 00 00 00 00 
       00001EB4 00 00 00 00 00 00 00 00 00 00 
       00001EBE 00 00 00 00 00 00 00 00 00 00 
       00001EC8 00 00 00 00 00 00 00 00 00 00 
       00001ED2 00 00 00 00 00 00 00 00 00 00 
       00001EDC 00 00 00 00 00 00 00 00 00 00 
       00001EE6 00 00 00 00 00 00 00 00 00 00 
       00001EF0 00 00 00 00 00 00 00 00 00 00 
       00001EFA 00 00 00 00 00 00 00 00 00 00 
       00001F04 00 00 00 00 00 00 00 00 00 00 
       00001F0E 00 00 00 00 00 00 00 00 00 00 
       00001F18 00 00 00 00 00 00 00 00 00 00 
       00001F22 00 00 00 00 00 00 00 00 00 00 
       00001F2C 00 00 00 00 00 00 00 00 00 00 
       00001F36 00 00 00 00 00 00 00 00 00 00 
       00001F40 00 00 00 00 00 00 00 00 00 00 
       00001F4A 00 00 00 00 00 00 00 00 00 00 
       00001F54 00 00 00 00 00 00 00 00 00 00 
       00001F5E 00 00 00 00 00 00 00 00 00 00 
       00001F68 00 00 00 00 00 00 00 00 00 00 
       00001F72 00 00 00 00 00 00 00 00 00 00 
       00001F7C 00 00 00 00 00 00 00 00 00 00 
       00001F86 00 00 00 00 00 00 00 00 00 00 
       00001F90 00 00 00 00 00 00 00 00 00 00 
       00001F9A 00 00 00 00 00 00 00 00 00 00 
       00001FA4 00 00 00 00 00 00 00 00 00 00 
       00001FAE 00 00 00 00 00 00 00 00 00 00 
       00001FB8 00 00 00 00 00 00 00 00 00 00 
       00001FC2 00 00 00 00 00 00 00 00 00 00 
       00001FCC 00 00 00 00 00 00 00 00 00 00 
       00001FD6 00 00 00 00 00 00 00 00 00 00 
       00001FE0 00 00 00 00 00 00 00 00 00 00 
       00001FEA 00 00 00 00 00 00 00 00 00 00 
       00001FF4 00 00 00 00 00 00 00 00 00 00 
       00001FFE 00 00 00 00 00 00 00 00 00 00 
       00002008 00 00 00 00 00 00 00 00 00 00 
       00002012 00 00 00 00 00 00 00 00 00 00 
       0000201C 00 00 00 00 00 00 00 00 00 00 
       00002026 00 00 00 00 00 00 00 00 00 00 
       00002030 00 00 00 00 00 00 00 00 00 00 
       0000203A 00 00 00 00 00 00 00 00 00 00 
       00002044 00 00 00 00 00 00 00 00 00 00 
       0000204E 00 00 00 00 00 00 00 00 00 00 
       00002058 00 00 00 00 00 00 00 00 00 00 
       00002062 00 00 00 00 00 00 00 00 00 00 
       0000206C 00 00 00 00 00 00 00 00 00 00 
       00002076 00 00 00 00 00 00 00 00 00 00 
       00002080 00 00 00 00 00 00 00 00 00 00 
       0000208A 00 00 00 00 00 00 00 00 00 00 
       00002094 00 00 00 00 00 00 00 00 00 00 
       0000209E 00 00 00 00 00 00 00 00 00 00 
       000020A8 00 00 00 00 00 00 00 00 00 00 
       000020B2 00 00 00 00 00 00 00 00 00 00 
       000020BC 00 00 00 00 00 00 00 00 00 00 
       000020C6 00 00 00 00 00 00 00 00 00 00 
       000020D0 00 00 00 00 00 00 00 00 00 00 
       000020DA 00 00 00 00 00 00 00 00 00 00 
       000020E4 00 00 00 00 00 00 00 00 00 00 
       000020EE 00 00 00 00 00 00 00 00 00 00 
       000020F8 00 00 00 00 00 00 00 00 00 00 
       00002102 00 00 00 00 00 00 00 00 00 00 
       0000210C 00 00 00 00 00 00 00 00 00 00 
       00002116 00 00 00 00 00 00 00 00 00 00 
       00002120 00 00 00 00 00 00 00 00 00 00 
       0000212A 00 00 00 00 00 00 00 00 00 00 
       00002134 00 00 00 00 00 00 00 00 00 00 
       0000213E 00 00 00 00 00 00 00 00 00 00 
       00002148 00 00 00 00 00 00 00 00 00 00 
       00002152 00 00 00 00 00 00 00 00 00 00 
       0000215C 00 00 00 00 00 00 00 00 00 00 
       00002166 00 00 00 00 00 00 00 00 00 00 
       00002170 00 00 00 00 00 00 00 00 00 00 
       0000217A 00 00 00 00 00 00 00 00 00 00 
       00002184 00 00 00 00 00 00 00 00 00 00 
       0000218E 00 00 00 00 00 00 00 00 00 00 
       00002198 00 00 00 00 00 00 00 00 00 00 
       000021A2 00 00 00 00 00 00 00 00 00 00 
       000021AC 00 00 00 00 00 00 00 00 00 00 
       000021B6 00 00 00 00 00 00 00 00 00 00 
       000021C0 00 00 00 00 00 00 00 00 00 00 
       000021CA 00 00 00 00 00 00 00 00 00 00 
       000021D4 00 00 00 00 00 00 00 00 00 00 
       000021DE 00 00 00 00 00 00 00 00 00 00 
       000021E8 00 00 00 00 00 00 00 00 00 00 
       000021F2 00 00 00 00 00 00 00 00 00 00 
       000021FC 00 00 00 00 00 00 00 00 00 00 
       00002206 00 00 00 00 00 00 00 00 00 00 
       00002210 00 00 00 00 00 00 00 00 00 00 
       0000221A 00 00 00 00 00 00 00 00 00 00 
       00002224 00 00 00 00 00 00 00 00 00 00 
       0000222E 00 00 00 00 00 00 00 00 00 00 
       00002238 00 00 00 00 00 00 00 00 00 00 
       00002242 00 00 00 00 00 00 00 00 00 00 
       0000224C 00 00 00 00 00 00 00 00 00 00 
       00002256 00 00 00 00 00 00 00 00 00 00 
       00002260 00 00 00 00 00 00 00 00 00 00 
       0000226A 00 00 00 00 00 00 00 00 00 00 
       00002274 00 00 00 00 00 00 00 00 00 00 
       0000227E 00 00 00 00 00 00 00 00 00 00 
       00002288 00 00 00 00 00 00 00 00 00 00 
       00002292 00 00 00 00 00 00 00 00 00 00 
       0000229C 00 00 00 00 00 00 00 00 00 00 
       000022A6 00 00 00 00 00 00 00 00 00 00 
       000022B0 00 00 00 00 00 00 00 00 00 00 
       000022BA 00 00 00 00 00 00 00 00 00 00 
       000022C4 00 00 00 00 00 00 00 00 00 00 
       000022CE 00 00 00 00 00 00 00 00 00 00 
       000022D8 00 00 00 00 00 00 00 00 00 00 
       000022E2 00 00 00 00 00 00 00 00 00 00 
       000022EC 00 00 00 00 00 00 00 00 00 00 
       000022F6 00 00 00 00 00 00 00 00 00 00 
       00002300 00 00 00 00 00 00 00 00 00 00 
       0000230A 00 00 00 00 00 00 00 00 00 00 
       00002314 00 00 00 00 00 00 00 00 00 00 
       0000231E 00 00 00 00 00 00 00 00 00 00 
       00002328 00 00 00 00 00 00 00 00 00 00 
       00002332 00 00 00 00 00 00 00 00 00 00 
       0000233C 00 00 00 00 00 00 00 00 00 00 
       00002346 00 00 00 00 00 00 00 00 00 00 
       00002350 00 00 00 00 00 00 00 00 00 00 
       0000235A 00 00 00 00 00 00 00 00 00 00 
       00002364 00 00 00 00 00 00 00 00 00 00 
       0000236E 00 00 00 00 00 00 00 00 00 00 
       00002378 00 00 00 00 00 00 00 00 00 00 
       00002382 00 00 00 00 00 00 00 00 00 00 
       0000238C 00 00 00 00 00 00 00 00 00 00 
       00002396 00 00 00 00 00 00 00 00 00 00 
       000023A0 00 00 00 00 00 00 00 00 00 00 
       000023AA 00 00 00 00 00 00 00 00 00 00 
       000023B4 00 00 00 00 00 00 00 00 00 00 
       000023BE 00 00 00 00 00 00 00 00 00 00 
       000023C8 00 00 00 00 00 00 00 00 00 00 
       000023D2 00 00 00 00 00 00 00 00 00 00 
       000023DC 00 00 00 00 00 00 00 00 00 00 
       000023E6 00 00 00 00 00 00 00 00 00 00 
       000023F0 00 00 00 00 00 00 00 00 00 00 
       000023FA 00 00 00 00 00 00 00 00 00 00 
       00002404 00 00 00 00 00 00 00 00 00 00 
       0000240E 00 00 00 00 00 00 00 00 00 00 
       00002418 00 00 00 00 00 00 00 00 00 00 
       00002422 00 00 00 00 00 00 00 00 00 00 
       0000242C 00 00 00 00 00 00 00 00 00 00 
       00002436 00 00 00 00 00 00 00 00 00 00 
       00002440 00 00 00 00 00 00 00 00 00 00 
       0000244A 00 00 00 00 00 00 00 00 00 00 
       00002454 00 00 00 00 00 00 00 00 00 00 
       0000245E 00 00 00 00 00 00 00 00 00 00 
       00002468 00 00 00 00 00 00 00 00 00 00 
       00002472 00 00 00 00 00 00 00 00 00 00 
       0000247C 00 00 00 00 00 00 00 00 00 00 
       00002486 00 00 00 00 00 00 00 00 00 00 
       00002490 00 00 00 00 00 00 00 00 00 00 
       0000249A 00 00 00 00 00 00 00 00 00 00 
       000024A4 00 00 00 00 00 00 00 00 00 00 
       000024AE 00 00 00 00 00 00 00 00 00 00 
       000024B8 00 00 00 00 00 00 00 00 00 00 
       000024C2 00 00 00 00 00 00 00 00 00 00 
       000024CC 00 00 00 00 00 00 00 00 00 00 
       000024D6 00 00 00 00 00 00 00 00 00 00 
       000024E0 00 00 00 00 00 00 00 00 00 00 
       000024EA 00 00 00 00 00 00 00 00 00 00 
       000024F4 00 00 00 00 00 00 00 00 00 00 
       000024FE 00 00 00 00 00 00 00 00 00 00 
       00002508 00 00 00 00 00 00 00 00 00 00 
       00002512 00 00 00 00 00 00 00 00 00 00 
       0000251C 00 00 00 00 00 00 00 00 00 00 
       00002526 00 00 00 00 00 00 00 00 00 00 
       00002530 00 00 00 00 00 00 00 00 00 00 
       0000253A 00 00 00 00 00 00 00 00 00 00 
       00002544 00 00 00 00 00 00 00 00 00 00 
       0000254E 00 00 00 00 00 00 00 00 00 00 
       00002558 00 00 00 00 00 00 00 00 00 00 
       00002562 00 00 00 00 00 00 00 00 00 00 
       0000256C 00 00 00 00 00 00 00 00 00 00 
       00002576 00 00 00 00 00 00 00 00 00 00 
       00002580 00 00 00 00 00 00 00 00 00 00 
       0000258A 00 00 00 00 00 00 00 00 00 00 
       00002594 00 00 00 00 00 00 00 00 00 00 
       0000259E 00 00 00 00 00 00 00 00 00 00 
       000025A8 00 00 00 00 00 00 00 00 00 00 
       000025B2 00 00 00 00 00 00 00 00 00 00 
       000025BC 00 00 00 00 00 00 00 00 00 00 
       000025C6 00 00 00 00 00 00 00 00 00 00 
       000025D0 00 00 00 00 00 00 00 00 00 00 
       000025DA 00 00 00 00 00 00 00 00 00 00 
       000025E4 00 00 00 00 00 00 00 00 00 00 
       000025EE 00 00 00 00 00 00 00 00 00 00 
       000025F8 00 00 00 00 00 00 00 00 00 00 
       00002602 00 00 00 00 00 00 00 00 00 00 
       0000260C 00 00 00 00 00 00 00 00 00 00 
       00002616 00 00 00 00 00 00 00 00 00 00 
       00002620 00 00 00 00 00 00 00 00 00 00 
       0000262A 00 00 00 00 00 00 00 00 00 00 
       00002634 00 00 00 00 00 00 00 00 00 00 
       0000263E 00 00 00 00 00 00 00 00 00 00 
       00002648 00 00 00 00 00 00 00 00 00 00 
       00002652 00 00 00 00 00 00 00 00 00 00 
       0000265C 00 00 00 00 00 00 00 00 00 00 
       00002666 00 00 00 00 00 00 00 00 00 00 
       00002670 00 00 00 00 00 00 00 00 00 00 
       0000267A 00 00 00 00 00 00 00 00 00 00 
       00002684 00 00 00 00 00 00 00 00 00 00 
       0000268E 00 00 00 00 00 00 00 00 00 00 
       00002698 00 00 00 00 00 00 00 00 00 00 
       000026A2 00 00 00 00 00 00 00 00 00 00 
       000026AC 00 00 00 00 00 00 00 00 00 00 
       000026B6 00 00 00 00 00 00 00 00 00 00 
       000026C0 00 00 00 00 00 00 00 00 00 00 
       000026CA 00 00 00 00 00 00 00 00 00 00 
       000026D4 00 00 00 00 00 00 00 00 00 00 
       000026DE 00 00 00 00 00 00 00 00 00 00 
       000026E8 00 00 00 00 00 00 00 00 00 00 
       000026F2 00 00 00 00 00 00 00 00 00 00 
       000026FC 00 00 00 00 00 00 00 00 00 00 
       00002706 00 00 00 00 00 00 00 00 00 00 
       00002710 00 00 00 00 00 00 00 00 00 00 
       0000271A 00 00 
